<?xml version="1.0" encoding="UTF-8"?>
<testng-results ignored="0" total="161" passed="161" failed="0" skipped="0">
  <reporter-output>
  </reporter-output>
  <suite started-at="2020-05-16T08:21:10 CST" name="Command line suite" finished-at="2020-05-16T08:21:11 CST" duration-ms="406">
    <groups>
    </groups>
    <test started-at="2020-05-16T08:21:10 CST" name="Command line test" finished-at="2020-05-16T08:21:11 CST" duration-ms="406">
      <class name="Production.CommentaryTest">
        <test-method signature="testSetAndGetIdCommentary()[pri:0, instance:Production.CommentaryTest@75e80a97]" started-at="2020-05-16T08:21:10 CST" name="testSetAndGetIdCommentary" finished-at="2020-05-16T08:21:10 CST" duration-ms="0" status="PASS">
          <reporter-output>
          </reporter-output>
        </test-method> <!-- testSetAndGetIdCommentary -->
        <test-method signature="testSetAndGetPaso()[pri:0, instance:Production.CommentaryTest@75e80a97]" started-at="2020-05-16T08:21:10 CST" name="testSetAndGetPaso" finished-at="2020-05-16T08:21:10 CST" duration-ms="0" status="PASS">
          <reporter-output>
          </reporter-output>
        </test-method> <!-- testSetAndGetPaso -->
        <test-method signature="testSetAndGetText()[pri:0, instance:Production.CommentaryTest@75e80a97]" started-at="2020-05-16T08:21:10 CST" name="testSetAndGetText" finished-at="2020-05-16T08:21:10 CST" duration-ms="0" status="PASS">
          <reporter-output>
          </reporter-output>
        </test-method> <!-- testSetAndGetText -->
      </class> <!-- Production.CommentaryTest -->
      <class name="User.service.RolUserServiceTest">
        <test-method signature="createCareerNullTest()[pri:0, instance:User.service.RolUserServiceTest@72c9ebfa]" started-at="2020-05-16T08:21:11 CST" name="createCareerNullTest" finished-at="2020-05-16T08:21:11 CST" duration-ms="1" status="PASS">
          <reporter-output>
          </reporter-output>
        </test-method> <!-- createCareerNullTest -->
        <test-method signature="createCareerTest()[pri:0, instance:User.service.RolUserServiceTest@72c9ebfa]" started-at="2020-05-16T08:21:11 CST" name="createCareerTest" finished-at="2020-05-16T08:21:11 CST" duration-ms="0" status="PASS">
          <reporter-output>
          </reporter-output>
        </test-method> <!-- createCareerTest -->
        <test-method signature="updateCareerTest()[pri:0, instance:User.service.RolUserServiceTest@72c9ebfa]" started-at="2020-05-16T08:21:11 CST" name="updateCareerTest" finished-at="2020-05-16T08:21:11 CST" duration-ms="1" status="PASS">
          <reporter-output>
          </reporter-output>
        </test-method> <!-- updateCareerTest -->
        <test-method signature="updateCareerNullTest()[pri:0, instance:User.service.RolUserServiceTest@72c9ebfa]" started-at="2020-05-16T08:21:11 CST" name="updateCareerNullTest" finished-at="2020-05-16T08:21:11 CST" duration-ms="0" status="PASS">
          <reporter-output>
          </reporter-output>
        </test-method> <!-- updateCareerNullTest -->
      </class> <!-- User.service.RolUserServiceTest -->
      <class name="User.UserTest">
        <test-method signature="setAndGetCareer()[pri:0, instance:User.UserTest@686cf8ad]" started-at="2020-05-16T08:21:11 CST" name="setAndGetCareer" finished-at="2020-05-16T08:21:11 CST" duration-ms="1" status="PASS">
          <reporter-output>
          </reporter-output>
        </test-method> <!-- setAndGetCareer -->
        <test-method signature="setAndGetName()[pri:0, instance:User.UserTest@686cf8ad]" started-at="2020-05-16T08:21:11 CST" name="setAndGetName" finished-at="2020-05-16T08:21:11 CST" duration-ms="0" status="PASS">
          <reporter-output>
          </reporter-output>
        </test-method> <!-- setAndGetName -->
        <test-method signature="setAndGetEmail()[pri:0, instance:User.UserTest@686cf8ad]" started-at="2020-05-16T08:21:11 CST" name="setAndGetEmail" finished-at="2020-05-16T08:21:11 CST" duration-ms="0" status="PASS">
          <reporter-output>
          </reporter-output>
        </test-method> <!-- setAndGetEmail -->
        <test-method signature="setAndGetCarnet()[pri:0, instance:User.UserTest@686cf8ad]" started-at="2020-05-16T08:21:11 CST" name="setAndGetCarnet" finished-at="2020-05-16T08:21:11 CST" duration-ms="0" status="PASS">
          <reporter-output>
          </reporter-output>
        </test-method> <!-- setAndGetCarnet -->
        <test-method signature="setAndGetPhone()[pri:0, instance:User.UserTest@686cf8ad]" started-at="2020-05-16T08:21:11 CST" name="setAndGetPhone" finished-at="2020-05-16T08:21:11 CST" duration-ms="0" status="PASS">
          <reporter-output>
          </reporter-output>
        </test-method> <!-- setAndGetPhone -->
        <test-method signature="setAndGetRoluser()[pri:0, instance:User.UserTest@686cf8ad]" started-at="2020-05-16T08:21:11 CST" name="setAndGetRoluser" finished-at="2020-05-16T08:21:11 CST" duration-ms="0" status="PASS">
          <reporter-output>
          </reporter-output>
        </test-method> <!-- setAndGetRoluser -->
        <test-method signature="setAndGetPassword()[pri:0, instance:User.UserTest@686cf8ad]" started-at="2020-05-16T08:21:11 CST" name="setAndGetPassword" finished-at="2020-05-16T08:21:11 CST" duration-ms="0" status="PASS">
          <reporter-output>
          </reporter-output>
        </test-method> <!-- setAndGetPassword -->
        <test-method signature="setAndGetState()[pri:0, instance:User.UserTest@686cf8ad]" started-at="2020-05-16T08:21:11 CST" name="setAndGetState" finished-at="2020-05-16T08:21:11 CST" duration-ms="0" status="PASS">
          <reporter-output>
          </reporter-output>
        </test-method> <!-- setAndGetState -->
      </class> <!-- User.UserTest -->
      <class name="Production.repository.ProductRepositoryTest">
        <test-method signature="getAllWithNoResult()[pri:0, instance:Production.repository.ProductRepositoryTest@4def7d36]" started-at="2020-05-16T08:21:10 CST" name="getAllWithNoResult" finished-at="2020-05-16T08:21:10 CST" duration-ms="2" status="PASS">
          <reporter-output>
          </reporter-output>
        </test-method> <!-- getAllWithNoResult -->
        <test-method signature="getAllWithResult()[pri:0, instance:Production.repository.ProductRepositoryTest@4def7d36]" started-at="2020-05-16T08:21:10 CST" name="getAllWithResult" finished-at="2020-05-16T08:21:10 CST" duration-ms="1" status="PASS">
          <reporter-output>
          </reporter-output>
        </test-method> <!-- getAllWithResult -->
        <test-method signature="getProductByIdtWithResult()[pri:0, instance:Production.repository.ProductRepositoryTest@4def7d36]" started-at="2020-05-16T08:21:10 CST" name="getProductByIdtWithResult" finished-at="2020-05-16T08:21:10 CST" duration-ms="1" status="PASS">
          <reporter-output>
          </reporter-output>
        </test-method> <!-- getProductByIdtWithResult -->
      </class> <!-- Production.repository.ProductRepositoryTest -->
      <class name="Production.NecessarySupplyTest">
        <test-method signature="testSetAndGetIdDesign()[pri:0, instance:Production.NecessarySupplyTest@1785d194]" started-at="2020-05-16T08:21:10 CST" name="testSetAndGetIdDesign" finished-at="2020-05-16T08:21:10 CST" duration-ms="1" status="PASS">
          <reporter-output>
          </reporter-output>
        </test-method> <!-- testSetAndGetIdDesign -->
        <test-method signature="testSetAndGetIdNecessarySupply()[pri:0, instance:Production.NecessarySupplyTest@1785d194]" started-at="2020-05-16T08:21:10 CST" name="testSetAndGetIdNecessarySupply" finished-at="2020-05-16T08:21:10 CST" duration-ms="1" status="PASS">
          <reporter-output>
          </reporter-output>
        </test-method> <!-- testSetAndGetIdNecessarySupply -->
      </class> <!-- Production.NecessarySupplyTest -->
      <class name="Production.StageTest">
        <test-method signature="testEquals()[pri:0, instance:Production.StageTest@29bbc391]" started-at="2020-05-16T08:21:10 CST" name="testEquals" finished-at="2020-05-16T08:21:10 CST" duration-ms="0" status="PASS">
          <reporter-output>
          </reporter-output>
        </test-method> <!-- testEquals -->
        <test-method signature="stageBuilderTest()[pri:0, instance:Production.StageTest@29bbc391]" started-at="2020-05-16T08:21:10 CST" name="stageBuilderTest" finished-at="2020-05-16T08:21:10 CST" duration-ms="0" status="PASS">
          <reporter-output>
          </reporter-output>
        </test-method> <!-- stageBuilderTest -->
        <test-method signature="testSetAndGetDescription()[pri:0, instance:Production.StageTest@29bbc391]" started-at="2020-05-16T08:21:10 CST" name="testSetAndGetDescription" finished-at="2020-05-16T08:21:10 CST" duration-ms="0" status="PASS">
          <reporter-output>
          </reporter-output>
        </test-method> <!-- testSetAndGetDescription -->
        <test-method signature="testSetAndGetIdStage()[pri:0, instance:Production.StageTest@29bbc391]" started-at="2020-05-16T08:21:10 CST" name="testSetAndGetIdStage" finished-at="2020-05-16T08:21:10 CST" duration-ms="0" status="PASS">
          <reporter-output>
          </reporter-output>
        </test-method> <!-- testSetAndGetIdStage -->
        <test-method signature="testSetAndGetProductionId()[pri:0, instance:Production.StageTest@29bbc391]" started-at="2020-05-16T08:21:10 CST" name="testSetAndGetProductionId" finished-at="2020-05-16T08:21:10 CST" duration-ms="1" status="PASS">
          <reporter-output>
          </reporter-output>
        </test-method> <!-- testSetAndGetProductionId -->
        <test-method signature="testSetAndGetName()[pri:0, instance:Production.StageTest@29bbc391]" started-at="2020-05-16T08:21:10 CST" name="testSetAndGetName" finished-at="2020-05-16T08:21:10 CST" duration-ms="0" status="PASS">
          <reporter-output>
          </reporter-output>
        </test-method> <!-- testSetAndGetName -->
      </class> <!-- Production.StageTest -->
      <class name="Supply.SupplyTest">
        <test-method signature="testSetAndGetCode()[pri:0, instance:Supply.SupplyTest@2b999ee8]" started-at="2020-05-16T08:21:10 CST" name="testSetAndGetCode" finished-at="2020-05-16T08:21:10 CST" duration-ms="1" status="PASS">
          <reporter-output>
          </reporter-output>
        </test-method> <!-- testSetAndGetCode -->
        <test-method signature="testSetAndGetAvailability()[pri:0, instance:Supply.SupplyTest@2b999ee8]" started-at="2020-05-16T08:21:10 CST" name="testSetAndGetAvailability" finished-at="2020-05-16T08:21:10 CST" duration-ms="0" status="PASS">
          <reporter-output>
          </reporter-output>
        </test-method> <!-- testSetAndGetAvailability -->
        <test-method signature="testSetAndGetCost()[pri:0, instance:Supply.SupplyTest@2b999ee8]" started-at="2020-05-16T08:21:10 CST" name="testSetAndGetCost" finished-at="2020-05-16T08:21:10 CST" duration-ms="0" status="PASS">
          <reporter-output>
          </reporter-output>
        </test-method> <!-- testSetAndGetCost -->
        <test-method signature="testSetAndGetDescription()[pri:0, instance:Supply.SupplyTest@2b999ee8]" started-at="2020-05-16T08:21:10 CST" name="testSetAndGetDescription" finished-at="2020-05-16T08:21:10 CST" duration-ms="1" status="PASS">
          <reporter-output>
          </reporter-output>
        </test-method> <!-- testSetAndGetDescription -->
        <test-method signature="testSetAndGetDateOfAdmission()[pri:0, instance:Supply.SupplyTest@2b999ee8]" started-at="2020-05-16T08:21:10 CST" name="testSetAndGetDateOfAdmission" finished-at="2020-05-16T08:21:10 CST" duration-ms="0" status="PASS">
          <reporter-output>
          </reporter-output>
        </test-method> <!-- testSetAndGetDateOfAdmission -->
        <test-method signature="testSetAndGetExpirationDate()[pri:0, instance:Supply.SupplyTest@2b999ee8]" started-at="2020-05-16T08:21:10 CST" name="testSetAndGetExpirationDate" finished-at="2020-05-16T08:21:10 CST" duration-ms="0" status="PASS">
          <reporter-output>
          </reporter-output>
        </test-method> <!-- testSetAndGetExpirationDate -->
        <test-method signature="testSetAndGetInternalCode()[pri:0, instance:Supply.SupplyTest@2b999ee8]" started-at="2020-05-16T08:21:10 CST" name="testSetAndGetInternalCode" finished-at="2020-05-16T08:21:10 CST" duration-ms="0" status="PASS">
          <reporter-output>
          </reporter-output>
        </test-method> <!-- testSetAndGetInternalCode -->
        <test-method signature="testSetAndGetMeasure()[pri:0, instance:Supply.SupplyTest@2b999ee8]" started-at="2020-05-16T08:21:10 CST" name="testSetAndGetMeasure" finished-at="2020-05-16T08:21:10 CST" duration-ms="0" status="PASS">
          <reporter-output>
          </reporter-output>
        </test-method> <!-- testSetAndGetMeasure -->
        <test-method signature="testSetAndGetName()[pri:0, instance:Supply.SupplyTest@2b999ee8]" started-at="2020-05-16T08:21:10 CST" name="testSetAndGetName" finished-at="2020-05-16T08:21:10 CST" duration-ms="0" status="PASS">
          <reporter-output>
          </reporter-output>
        </test-method> <!-- testSetAndGetName -->
        <test-method signature="testSetAndGetQuantity()[pri:0, instance:Supply.SupplyTest@2b999ee8]" started-at="2020-05-16T08:21:10 CST" name="testSetAndGetQuantity" finished-at="2020-05-16T08:21:10 CST" duration-ms="0" status="PASS">
          <reporter-output>
          </reporter-output>
        </test-method> <!-- testSetAndGetQuantity -->
      </class> <!-- Supply.SupplyTest -->
      <class name="Production.repository.StageRepositoryTest">
        <test-method signature="AllProductionsTest()[pri:0, instance:Production.repository.StageRepositoryTest@3a3f96ab]" started-at="2020-05-16T08:21:10 CST" name="AllProductionsTest" finished-at="2020-05-16T08:21:10 CST" duration-ms="1" status="PASS">
          <reporter-output>
          </reporter-output>
        </test-method> <!-- AllProductionsTest -->
        <test-method signature="FindByIdProductionNoResultExceptionTest()[pri:0, instance:Production.repository.StageRepositoryTest@3a3f96ab]" started-at="2020-05-16T08:21:10 CST" name="FindByIdProductionNoResultExceptionTest" finished-at="2020-05-16T08:21:10 CST" duration-ms="2" status="PASS">
          <reporter-output>
          </reporter-output>
        </test-method> <!-- FindByIdProductionNoResultExceptionTest -->
        <test-method signature="FindByIdProductionTest()[pri:0, instance:Production.repository.StageRepositoryTest@3a3f96ab]" started-at="2020-05-16T08:21:10 CST" name="FindByIdProductionTest" finished-at="2020-05-16T08:21:10 CST" duration-ms="1" status="PASS">
          <reporter-output>
          </reporter-output>
        </test-method> <!-- FindByIdProductionTest -->
        <test-method signature="findProductionLikeNameTest()[pri:0, instance:Production.repository.StageRepositoryTest@3a3f96ab]" started-at="2020-05-16T08:21:10 CST" name="findProductionLikeNameTest" finished-at="2020-05-16T08:21:10 CST" duration-ms="1" status="PASS">
          <reporter-output>
          </reporter-output>
        </test-method> <!-- findProductionLikeNameTest -->
      </class> <!-- Production.repository.StageRepositoryTest -->
      <class name="User.repository.RolUserRepositoryTest">
        <test-method signature="getRolUser()[pri:0, instance:User.repository.RolUserRepositoryTest@d87d449]" started-at="2020-05-16T08:21:10 CST" name="getRolUser" finished-at="2020-05-16T08:21:10 CST" duration-ms="13" status="PASS">
          <reporter-output>
          </reporter-output>
        </test-method> <!-- getRolUser -->
        <test-method signature="getRolUserWithId()[pri:0, instance:User.repository.RolUserRepositoryTest@d87d449]" started-at="2020-05-16T08:21:10 CST" name="getRolUserWithId" finished-at="2020-05-16T08:21:10 CST" duration-ms="9" status="PASS">
          <reporter-output>
          </reporter-output>
        </test-method> <!-- getRolUserWithId -->
        <test-method signature="getRolUserWithName()[pri:0, instance:User.repository.RolUserRepositoryTest@d87d449]" started-at="2020-05-16T08:21:10 CST" name="getRolUserWithName" finished-at="2020-05-16T08:21:10 CST" duration-ms="2" status="PASS">
          <reporter-output>
          </reporter-output>
        </test-method> <!-- getRolUserWithName -->
      </class> <!-- User.repository.RolUserRepositoryTest -->
      <class name="Group.service.GroupUserServiceTest">
        <test-method signature="createGroupUserTest()[pri:0, instance:Group.service.GroupUserServiceTest@3457cc8d]" started-at="2020-05-16T08:21:10 CST" name="createGroupUserTest" finished-at="2020-05-16T08:21:10 CST" duration-ms="3" status="PASS">
          <reporter-output>
          </reporter-output>
        </test-method> <!-- createGroupUserTest -->
        <test-method signature="removeUserFromGroupSuccessTest()[pri:0, instance:Group.service.GroupUserServiceTest@3457cc8d]" started-at="2020-05-16T08:21:10 CST" name="removeUserFromGroupSuccessTest" finished-at="2020-05-16T08:21:10 CST" duration-ms="1" status="PASS">
          <reporter-output>
          </reporter-output>
        </test-method> <!-- removeUserFromGroupSuccessTest -->
        <test-method signature="updateUserGroupTest()[pri:0, instance:Group.service.GroupUserServiceTest@3457cc8d]" started-at="2020-05-16T08:21:10 CST" name="updateUserGroupTest" finished-at="2020-05-16T08:21:10 CST" duration-ms="1" status="PASS">
          <reporter-output>
          </reporter-output>
        </test-method> <!-- updateUserGroupTest -->
      </class> <!-- Group.service.GroupUserServiceTest -->
      <class name="Production.service.ProductServiceTest">
        <test-method signature="createProductTest()[pri:0, instance:Production.service.ProductServiceTest@4f664bee]" started-at="2020-05-16T08:21:10 CST" name="createProductTest" finished-at="2020-05-16T08:21:10 CST" duration-ms="2" status="PASS">
          <reporter-output>
          </reporter-output>
        </test-method> <!-- createProductTest -->
        <test-method signature="updateAllProductTest()[pri:0, instance:Production.service.ProductServiceTest@4f664bee]" started-at="2020-05-16T08:21:10 CST" name="updateAllProductTest" finished-at="2020-05-16T08:21:10 CST" duration-ms="1" status="PASS">
          <reporter-output>
          </reporter-output>
        </test-method> <!-- updateAllProductTest -->
        <test-method signature="updateNullProductTest()[pri:0, instance:Production.service.ProductServiceTest@4f664bee]" started-at="2020-05-16T08:21:10 CST" name="updateNullProductTest" finished-at="2020-05-16T08:21:10 CST" duration-ms="1" status="PASS">
          <reporter-output>
          </reporter-output>
        </test-method> <!-- updateNullProductTest -->
      </class> <!-- Production.service.ProductServiceTest -->
      <class name="Production.ProductTest">
        <test-method signature="testSetAndGetDescription()[pri:0, instance:Production.ProductTest@31ab1e67]" started-at="2020-05-16T08:21:10 CST" name="testSetAndGetDescription" finished-at="2020-05-16T08:21:10 CST" duration-ms="0" status="PASS">
          <reporter-output>
          </reporter-output>
        </test-method> <!-- testSetAndGetDescription -->
        <test-method signature="testSetAndGetName()[pri:0, instance:Production.ProductTest@31ab1e67]" started-at="2020-05-16T08:21:10 CST" name="testSetAndGetName" finished-at="2020-05-16T08:21:10 CST" duration-ms="0" status="PASS">
          <reporter-output>
          </reporter-output>
        </test-method> <!-- testSetAndGetName -->
        <test-method signature="testSetAndGetIdProduct()[pri:0, instance:Production.ProductTest@31ab1e67]" started-at="2020-05-16T08:21:10 CST" name="testSetAndGetIdProduct" finished-at="2020-05-16T08:21:10 CST" duration-ms="0" status="PASS">
          <reporter-output>
          </reporter-output>
        </test-method> <!-- testSetAndGetIdProduct -->
      </class> <!-- Production.ProductTest -->
      <class name="Group.repository.GroupRepositoryTest">
        <test-method signature="findByIdWithNoResult()[pri:0, instance:Group.repository.GroupRepositoryTest@1b8aaeab]" started-at="2020-05-16T08:21:10 CST" name="findByIdWithNoResult" finished-at="2020-05-16T08:21:10 CST" duration-ms="2" status="PASS">
          <reporter-output>
          </reporter-output>
        </test-method> <!-- findByIdWithNoResult -->
        <test-method signature="findByIdWithResult()[pri:0, instance:Group.repository.GroupRepositoryTest@1b8aaeab]" started-at="2020-05-16T08:21:10 CST" name="findByIdWithResult" finished-at="2020-05-16T08:21:10 CST" duration-ms="1" status="PASS">
          <reporter-output>
          </reporter-output>
        </test-method> <!-- findByIdWithResult -->
        <test-method signature="getAllEmptyResult()[pri:0, instance:Group.repository.GroupRepositoryTest@1b8aaeab]" started-at="2020-05-16T08:21:10 CST" name="getAllEmptyResult" finished-at="2020-05-16T08:21:10 CST" duration-ms="1" status="PASS">
          <reporter-output>
          </reporter-output>
        </test-method> <!-- getAllEmptyResult -->
        <test-method signature="getAllWithResult()[pri:0, instance:Group.repository.GroupRepositoryTest@1b8aaeab]" started-at="2020-05-16T08:21:10 CST" name="getAllWithResult" finished-at="2020-05-16T08:21:10 CST" duration-ms="1" status="PASS">
          <reporter-output>
          </reporter-output>
        </test-method> <!-- getAllWithResult -->
      </class> <!-- Group.repository.GroupRepositoryTest -->
      <class name="User.CareerTest">
        <test-method signature="testSetAndGetName()[pri:0, instance:User.CareerTest@682e422c]" started-at="2020-05-16T08:21:11 CST" name="testSetAndGetName" finished-at="2020-05-16T08:21:11 CST" duration-ms="0" status="PASS">
          <reporter-output>
          </reporter-output>
        </test-method> <!-- testSetAndGetName -->
        <test-method signature="testSetAndGetIdCareer()[pri:0, instance:User.CareerTest@682e422c]" started-at="2020-05-16T08:21:11 CST" name="testSetAndGetIdCareer" finished-at="2020-05-16T08:21:11 CST" duration-ms="0" status="PASS">
          <reporter-output>
          </reporter-output>
        </test-method> <!-- testSetAndGetIdCareer -->
      </class> <!-- User.CareerTest -->
      <class name="Group.GroupUserTest">
        <test-method signature="testSetAndGetGroup()[pri:0, instance:Group.GroupUserTest@7a66c35a]" started-at="2020-05-16T08:21:10 CST" name="testSetAndGetGroup" finished-at="2020-05-16T08:21:10 CST" duration-ms="1" status="PASS">
          <reporter-output>
          </reporter-output>
        </test-method> <!-- testSetAndGetGroup -->
        <test-method signature="testSetAndGetIdGroupAdmissionDate()[pri:0, instance:Group.GroupUserTest@7a66c35a]" started-at="2020-05-16T08:21:10 CST" name="testSetAndGetIdGroupAdmissionDate" finished-at="2020-05-16T08:21:10 CST" duration-ms="0" status="PASS">
          <reporter-output>
          </reporter-output>
        </test-method> <!-- testSetAndGetIdGroupAdmissionDate -->
        <test-method signature="testSetAndGetUser()[pri:0, instance:Group.GroupUserTest@7a66c35a]" started-at="2020-05-16T08:21:10 CST" name="testSetAndGetUser" finished-at="2020-05-16T08:21:10 CST" duration-ms="0" status="PASS">
          <reporter-output>
          </reporter-output>
        </test-method> <!-- testSetAndGetUser -->
        <test-method signature="testSetAndGetIdGroupUser()[pri:0, instance:Group.GroupUserTest@7a66c35a]" started-at="2020-05-16T08:21:10 CST" name="testSetAndGetIdGroupUser" finished-at="2020-05-16T08:21:10 CST" duration-ms="0" status="PASS">
          <reporter-output>
          </reporter-output>
        </test-method> <!-- testSetAndGetIdGroupUser -->
      </class> <!-- Group.GroupUserTest -->
      <class name="User.facade.UserFacadeTest">
        <test-method signature="createCareerTest()[pri:0, instance:User.facade.UserFacadeTest@7994a0d1]" started-at="2020-05-16T08:21:10 CST" name="createCareerTest" finished-at="2020-05-16T08:21:10 CST" duration-ms="0" status="PASS">
          <reporter-output>
          </reporter-output>
        </test-method> <!-- createCareerTest -->
        <test-method signature="createUserTest()[pri:0, instance:User.facade.UserFacadeTest@7994a0d1]" started-at="2020-05-16T08:21:10 CST" name="createUserTest" finished-at="2020-05-16T08:21:10 CST" duration-ms="0" status="PASS">
          <reporter-output>
          </reporter-output>
        </test-method> <!-- createUserTest -->
        <test-method signature="getCareerTest()[pri:0, instance:User.facade.UserFacadeTest@7994a0d1]" started-at="2020-05-16T08:21:10 CST" name="getCareerTest" finished-at="2020-05-16T08:21:10 CST" duration-ms="1" status="PASS">
          <reporter-output>
          </reporter-output>
        </test-method> <!-- getCareerTest -->
        <test-method signature="getUserTest()[pri:0, instance:User.facade.UserFacadeTest@7994a0d1]" started-at="2020-05-16T08:21:10 CST" name="getUserTest" finished-at="2020-05-16T08:21:10 CST" duration-ms="0" status="PASS">
          <reporter-output>
          </reporter-output>
        </test-method> <!-- getUserTest -->
        <test-method signature="updateUserTest()[pri:0, instance:User.facade.UserFacadeTest@7994a0d1]" started-at="2020-05-16T08:21:10 CST" name="updateUserTest" finished-at="2020-05-16T08:21:10 CST" duration-ms="1" status="PASS">
          <reporter-output>
          </reporter-output>
        </test-method> <!-- updateUserTest -->
        <test-method signature="updateCareerTest()[pri:0, instance:User.facade.UserFacadeTest@7994a0d1]" started-at="2020-05-16T08:21:10 CST" name="updateCareerTest" finished-at="2020-05-16T08:21:10 CST" duration-ms="0" status="PASS">
          <reporter-output>
          </reporter-output>
        </test-method> <!-- updateCareerTest -->
      </class> <!-- User.facade.UserFacadeTest -->
      <class name="Production.repository.ProductionRepositoryTest">
        <test-method signature="AllProductionsTest()[pri:0, instance:Production.repository.ProductionRepositoryTest@43c7fe8a]" started-at="2020-05-16T08:21:10 CST" name="AllProductionsTest" finished-at="2020-05-16T08:21:10 CST" duration-ms="1" status="PASS">
          <reporter-output>
          </reporter-output>
        </test-method> <!-- AllProductionsTest -->
        <test-method signature="findProductionLikeNameTest()[pri:0, instance:Production.repository.ProductionRepositoryTest@43c7fe8a]" started-at="2020-05-16T08:21:10 CST" name="findProductionLikeNameTest" finished-at="2020-05-16T08:21:10 CST" duration-ms="1" status="PASS">
          <reporter-output>
          </reporter-output>
        </test-method> <!-- findProductionLikeNameTest -->
      </class> <!-- Production.repository.ProductionRepositoryTest -->
      <class name="User.service.UserServiceTest">
        <test-method signature="createUserTest()[pri:0, instance:User.service.UserServiceTest@5bb8e6fc]" started-at="2020-05-16T08:21:11 CST" name="createUserTest" finished-at="2020-05-16T08:21:11 CST" duration-ms="1" status="PASS">
          <reporter-output>
          </reporter-output>
        </test-method> <!-- createUserTest -->
        <test-method signature="createUserNullTest()[pri:0, instance:User.service.UserServiceTest@5bb8e6fc]" started-at="2020-05-16T08:21:11 CST" name="createUserNullTest" finished-at="2020-05-16T08:21:11 CST" duration-ms="0" status="PASS">
          <reporter-output>
          </reporter-output>
        </test-method> <!-- createUserNullTest -->
        <test-method signature="updateUserTest()[pri:0, instance:User.service.UserServiceTest@5bb8e6fc]" started-at="2020-05-16T08:21:11 CST" name="updateUserTest" finished-at="2020-05-16T08:21:11 CST" duration-ms="1" status="PASS">
          <reporter-output>
          </reporter-output>
        </test-method> <!-- updateUserTest -->
        <test-method signature="updateUserNullTest()[pri:0, instance:User.service.UserServiceTest@5bb8e6fc]" started-at="2020-05-16T08:21:11 CST" name="updateUserNullTest" finished-at="2020-05-16T08:21:11 CST" duration-ms="0" status="PASS">
          <reporter-output>
          </reporter-output>
        </test-method> <!-- updateUserNullTest -->
      </class> <!-- User.service.UserServiceTest -->
      <class name="Production.service.ProductionServiceTest">
        <test-method signature="MandatoryAttributeProductionExceptionDateEdit()[pri:0, instance:Production.service.ProductionServiceTest@76563ae7]" started-at="2020-05-16T08:21:10 CST" name="MandatoryAttributeProductionExceptionDateEdit" finished-at="2020-05-16T08:21:10 CST" duration-ms="1" status="PASS">
          <exception class="Production.exceptions.MandatoryAttributeProductionException">
            <message>
              <![CDATA[Fecha de creacion nula]]>
            </message>
            <full-stacktrace>
              <![CDATA[Production.exceptions.MandatoryAttributeProductionException: Fecha de creacion nula
at Production.service.ProductionService.edit(ProductionService.java:132)
at Production.service.ProductionServiceTest.MandatoryAttributeProductionExceptionDateEdit(ProductionServiceTest.java:119)
at java.base/jdk.internal.reflect.NativeMethodAccessorImpl.invoke0(Native Method)
at java.base/jdk.internal.reflect.NativeMethodAccessorImpl.invoke(NativeMethodAccessorImpl.java:62)
at java.base/jdk.internal.reflect.DelegatingMethodAccessorImpl.invoke(DelegatingMethodAccessorImpl.java:43)
at java.base/java.lang.reflect.Method.invoke(Method.java:566)
at org.testng.internal.MethodInvocationHelper.invokeMethod(MethodInvocationHelper.java:133)
at org.testng.internal.TestInvoker.invokeMethod(TestInvoker.java:584)
at org.testng.internal.TestInvoker.invokeTestMethod(TestInvoker.java:172)
at org.testng.internal.MethodRunner.runInSequence(MethodRunner.java:46)
at org.testng.internal.TestInvoker$MethodInvocationAgent.invoke(TestInvoker.java:804)
at org.testng.internal.TestInvoker.invokeTestMethods(TestInvoker.java:145)
at org.testng.internal.TestMethodWorker.invokeTestMethods(TestMethodWorker.java:146)
at org.testng.internal.TestMethodWorker.run(TestMethodWorker.java:128)
at java.base/java.util.ArrayList.forEach(ArrayList.java:1540)
at org.testng.TestRunner.privateRun(TestRunner.java:770)
at org.testng.TestRunner.run(TestRunner.java:591)
at org.testng.SuiteRunner.runTest(SuiteRunner.java:402)
at org.testng.SuiteRunner.runSequentially(SuiteRunner.java:396)
at org.testng.SuiteRunner.privateRun(SuiteRunner.java:355)
at org.testng.SuiteRunner.run(SuiteRunner.java:304)
at org.testng.SuiteRunnerWorker.runSuite(SuiteRunnerWorker.java:53)
at org.testng.SuiteRunnerWorker.run(SuiteRunnerWorker.java:96)
at org.testng.TestNG.runSuitesSequentially(TestNG.java:1180)
at org.testng.TestNG.runSuitesLocally(TestNG.java:1102)
at org.testng.TestNG.runSuites(TestNG.java:1032)
at org.testng.TestNG.run(TestNG.java:1000)
at org.apache.maven.surefire.testng.TestNGExecutor.run(TestNGExecutor.java:77)
at org.apache.maven.surefire.testng.TestNGDirectoryTestSuite.executeMulti(TestNGDirectoryTestSuite.java:159)
at org.apache.maven.surefire.testng.TestNGDirectoryTestSuite.execute(TestNGDirectoryTestSuite.java:99)
at org.apache.maven.surefire.testng.TestNGProvider.invoke(TestNGProvider.java:106)
at java.base/jdk.internal.reflect.NativeMethodAccessorImpl.invoke0(Native Method)
at java.base/jdk.internal.reflect.NativeMethodAccessorImpl.invoke(NativeMethodAccessorImpl.java:62)
at java.base/jdk.internal.reflect.DelegatingMethodAccessorImpl.invoke(DelegatingMethodAccessorImpl.java:43)
at java.base/java.lang.reflect.Method.invoke(Method.java:566)
at org.apache.maven.surefire.util.ReflectionUtils.invokeMethodWithArray(ReflectionUtils.java:189)
at org.apache.maven.surefire.booter.ProviderFactory$ProviderProxy.invoke(ProviderFactory.java:165)
at org.apache.maven.surefire.booter.ProviderFactory.invokeProvider(ProviderFactory.java:85)
at org.apache.maven.surefire.booter.ForkedBooter.runSuitesInProcess(ForkedBooter.java:115)
at org.apache.maven.surefire.booter.ForkedBooter.main(ForkedBooter.java:75)
]]>
            </full-stacktrace>
          </exception> <!-- Production.exceptions.MandatoryAttributeProductionException -->
          <reporter-output>
          </reporter-output>
        </test-method> <!-- MandatoryAttributeProductionExceptionDateEdit -->
        <test-method signature="MandatoryAttributeProductionExceptionNameCreate()[pri:0, instance:Production.service.ProductionServiceTest@76563ae7]" started-at="2020-05-16T08:21:10 CST" name="MandatoryAttributeProductionExceptionNameCreate" finished-at="2020-05-16T08:21:10 CST" duration-ms="1" status="PASS">
          <exception class="Production.exceptions.MandatoryAttributeProductionException">
            <message>
              <![CDATA[Nombre nulo]]>
            </message>
            <full-stacktrace>
              <![CDATA[Production.exceptions.MandatoryAttributeProductionException: Nombre nulo
at Production.service.ProductionService.create(ProductionService.java:43)
at Production.service.ProductionServiceTest.MandatoryAttributeProductionExceptionNameCreate(ProductionServiceTest.java:50)
at java.base/jdk.internal.reflect.NativeMethodAccessorImpl.invoke0(Native Method)
at java.base/jdk.internal.reflect.NativeMethodAccessorImpl.invoke(NativeMethodAccessorImpl.java:62)
at java.base/jdk.internal.reflect.DelegatingMethodAccessorImpl.invoke(DelegatingMethodAccessorImpl.java:43)
at java.base/java.lang.reflect.Method.invoke(Method.java:566)
at org.testng.internal.MethodInvocationHelper.invokeMethod(MethodInvocationHelper.java:133)
at org.testng.internal.TestInvoker.invokeMethod(TestInvoker.java:584)
at org.testng.internal.TestInvoker.invokeTestMethod(TestInvoker.java:172)
at org.testng.internal.MethodRunner.runInSequence(MethodRunner.java:46)
at org.testng.internal.TestInvoker$MethodInvocationAgent.invoke(TestInvoker.java:804)
at org.testng.internal.TestInvoker.invokeTestMethods(TestInvoker.java:145)
at org.testng.internal.TestMethodWorker.invokeTestMethods(TestMethodWorker.java:146)
at org.testng.internal.TestMethodWorker.run(TestMethodWorker.java:128)
at java.base/java.util.ArrayList.forEach(ArrayList.java:1540)
at org.testng.TestRunner.privateRun(TestRunner.java:770)
at org.testng.TestRunner.run(TestRunner.java:591)
at org.testng.SuiteRunner.runTest(SuiteRunner.java:402)
at org.testng.SuiteRunner.runSequentially(SuiteRunner.java:396)
at org.testng.SuiteRunner.privateRun(SuiteRunner.java:355)
at org.testng.SuiteRunner.run(SuiteRunner.java:304)
at org.testng.SuiteRunnerWorker.runSuite(SuiteRunnerWorker.java:53)
at org.testng.SuiteRunnerWorker.run(SuiteRunnerWorker.java:96)
at org.testng.TestNG.runSuitesSequentially(TestNG.java:1180)
at org.testng.TestNG.runSuitesLocally(TestNG.java:1102)
at org.testng.TestNG.runSuites(TestNG.java:1032)
at org.testng.TestNG.run(TestNG.java:1000)
at org.apache.maven.surefire.testng.TestNGExecutor.run(TestNGExecutor.java:77)
at org.apache.maven.surefire.testng.TestNGDirectoryTestSuite.executeMulti(TestNGDirectoryTestSuite.java:159)
at org.apache.maven.surefire.testng.TestNGDirectoryTestSuite.execute(TestNGDirectoryTestSuite.java:99)
at org.apache.maven.surefire.testng.TestNGProvider.invoke(TestNGProvider.java:106)
at java.base/jdk.internal.reflect.NativeMethodAccessorImpl.invoke0(Native Method)
at java.base/jdk.internal.reflect.NativeMethodAccessorImpl.invoke(NativeMethodAccessorImpl.java:62)
at java.base/jdk.internal.reflect.DelegatingMethodAccessorImpl.invoke(DelegatingMethodAccessorImpl.java:43)
at java.base/java.lang.reflect.Method.invoke(Method.java:566)
at org.apache.maven.surefire.util.ReflectionUtils.invokeMethodWithArray(ReflectionUtils.java:189)
at org.apache.maven.surefire.booter.ProviderFactory$ProviderProxy.invoke(ProviderFactory.java:165)
at org.apache.maven.surefire.booter.ProviderFactory.invokeProvider(ProviderFactory.java:85)
at org.apache.maven.surefire.booter.ForkedBooter.runSuitesInProcess(ForkedBooter.java:115)
at org.apache.maven.surefire.booter.ForkedBooter.main(ForkedBooter.java:75)
]]>
            </full-stacktrace>
          </exception> <!-- Production.exceptions.MandatoryAttributeProductionException -->
          <reporter-output>
          </reporter-output>
        </test-method> <!-- MandatoryAttributeProductionExceptionNameCreate -->
        <test-method signature="MandatoryAttributeProductionExceptionNameEdit()[pri:0, instance:Production.service.ProductionServiceTest@76563ae7]" started-at="2020-05-16T08:21:10 CST" name="MandatoryAttributeProductionExceptionNameEdit" finished-at="2020-05-16T08:21:10 CST" duration-ms="0" status="PASS">
          <exception class="Production.exceptions.MandatoryAttributeProductionException">
            <message>
              <![CDATA[Nombre nulo]]>
            </message>
            <full-stacktrace>
              <![CDATA[Production.exceptions.MandatoryAttributeProductionException: Nombre nulo
at Production.service.ProductionService.edit(ProductionService.java:128)
at Production.service.ProductionServiceTest.MandatoryAttributeProductionExceptionNameEdit(ProductionServiceTest.java:102)
at java.base/jdk.internal.reflect.NativeMethodAccessorImpl.invoke0(Native Method)
at java.base/jdk.internal.reflect.NativeMethodAccessorImpl.invoke(NativeMethodAccessorImpl.java:62)
at java.base/jdk.internal.reflect.DelegatingMethodAccessorImpl.invoke(DelegatingMethodAccessorImpl.java:43)
at java.base/java.lang.reflect.Method.invoke(Method.java:566)
at org.testng.internal.MethodInvocationHelper.invokeMethod(MethodInvocationHelper.java:133)
at org.testng.internal.TestInvoker.invokeMethod(TestInvoker.java:584)
at org.testng.internal.TestInvoker.invokeTestMethod(TestInvoker.java:172)
at org.testng.internal.MethodRunner.runInSequence(MethodRunner.java:46)
at org.testng.internal.TestInvoker$MethodInvocationAgent.invoke(TestInvoker.java:804)
at org.testng.internal.TestInvoker.invokeTestMethods(TestInvoker.java:145)
at org.testng.internal.TestMethodWorker.invokeTestMethods(TestMethodWorker.java:146)
at org.testng.internal.TestMethodWorker.run(TestMethodWorker.java:128)
at java.base/java.util.ArrayList.forEach(ArrayList.java:1540)
at org.testng.TestRunner.privateRun(TestRunner.java:770)
at org.testng.TestRunner.run(TestRunner.java:591)
at org.testng.SuiteRunner.runTest(SuiteRunner.java:402)
at org.testng.SuiteRunner.runSequentially(SuiteRunner.java:396)
at org.testng.SuiteRunner.privateRun(SuiteRunner.java:355)
at org.testng.SuiteRunner.run(SuiteRunner.java:304)
at org.testng.SuiteRunnerWorker.runSuite(SuiteRunnerWorker.java:53)
at org.testng.SuiteRunnerWorker.run(SuiteRunnerWorker.java:96)
at org.testng.TestNG.runSuitesSequentially(TestNG.java:1180)
at org.testng.TestNG.runSuitesLocally(TestNG.java:1102)
at org.testng.TestNG.runSuites(TestNG.java:1032)
at org.testng.TestNG.run(TestNG.java:1000)
at org.apache.maven.surefire.testng.TestNGExecutor.run(TestNGExecutor.java:77)
at org.apache.maven.surefire.testng.TestNGDirectoryTestSuite.executeMulti(TestNGDirectoryTestSuite.java:159)
at org.apache.maven.surefire.testng.TestNGDirectoryTestSuite.execute(TestNGDirectoryTestSuite.java:99)
at org.apache.maven.surefire.testng.TestNGProvider.invoke(TestNGProvider.java:106)
at java.base/jdk.internal.reflect.NativeMethodAccessorImpl.invoke0(Native Method)
at java.base/jdk.internal.reflect.NativeMethodAccessorImpl.invoke(NativeMethodAccessorImpl.java:62)
at java.base/jdk.internal.reflect.DelegatingMethodAccessorImpl.invoke(DelegatingMethodAccessorImpl.java:43)
at java.base/java.lang.reflect.Method.invoke(Method.java:566)
at org.apache.maven.surefire.util.ReflectionUtils.invokeMethodWithArray(ReflectionUtils.java:189)
at org.apache.maven.surefire.booter.ProviderFactory$ProviderProxy.invoke(ProviderFactory.java:165)
at org.apache.maven.surefire.booter.ProviderFactory.invokeProvider(ProviderFactory.java:85)
at org.apache.maven.surefire.booter.ForkedBooter.runSuitesInProcess(ForkedBooter.java:115)
at org.apache.maven.surefire.booter.ForkedBooter.main(ForkedBooter.java:75)
]]>
            </full-stacktrace>
          </exception> <!-- Production.exceptions.MandatoryAttributeProductionException -->
          <reporter-output>
          </reporter-output>
        </test-method> <!-- MandatoryAttributeProductionExceptionNameEdit -->
        <test-method signature="MandatoryAttributeProductionExceptionUnityCreate()[pri:0, instance:Production.service.ProductionServiceTest@76563ae7]" started-at="2020-05-16T08:21:10 CST" name="MandatoryAttributeProductionExceptionUnityCreate" finished-at="2020-05-16T08:21:10 CST" duration-ms="0" status="PASS">
          <exception class="Production.exceptions.MandatoryAttributeProductionException">
            <message>
              <![CDATA[Fecha de creacion nula]]>
            </message>
            <full-stacktrace>
              <![CDATA[Production.exceptions.MandatoryAttributeProductionException: Fecha de creacion nula
at Production.service.ProductionService.create(ProductionService.java:47)
at Production.service.ProductionServiceTest.MandatoryAttributeProductionExceptionUnityCreate(ProductionServiceTest.java:65)
at java.base/jdk.internal.reflect.NativeMethodAccessorImpl.invoke0(Native Method)
at java.base/jdk.internal.reflect.NativeMethodAccessorImpl.invoke(NativeMethodAccessorImpl.java:62)
at java.base/jdk.internal.reflect.DelegatingMethodAccessorImpl.invoke(DelegatingMethodAccessorImpl.java:43)
at java.base/java.lang.reflect.Method.invoke(Method.java:566)
at org.testng.internal.MethodInvocationHelper.invokeMethod(MethodInvocationHelper.java:133)
at org.testng.internal.TestInvoker.invokeMethod(TestInvoker.java:584)
at org.testng.internal.TestInvoker.invokeTestMethod(TestInvoker.java:172)
at org.testng.internal.MethodRunner.runInSequence(MethodRunner.java:46)
at org.testng.internal.TestInvoker$MethodInvocationAgent.invoke(TestInvoker.java:804)
at org.testng.internal.TestInvoker.invokeTestMethods(TestInvoker.java:145)
at org.testng.internal.TestMethodWorker.invokeTestMethods(TestMethodWorker.java:146)
at org.testng.internal.TestMethodWorker.run(TestMethodWorker.java:128)
at java.base/java.util.ArrayList.forEach(ArrayList.java:1540)
at org.testng.TestRunner.privateRun(TestRunner.java:770)
at org.testng.TestRunner.run(TestRunner.java:591)
at org.testng.SuiteRunner.runTest(SuiteRunner.java:402)
at org.testng.SuiteRunner.runSequentially(SuiteRunner.java:396)
at org.testng.SuiteRunner.privateRun(SuiteRunner.java:355)
at org.testng.SuiteRunner.run(SuiteRunner.java:304)
at org.testng.SuiteRunnerWorker.runSuite(SuiteRunnerWorker.java:53)
at org.testng.SuiteRunnerWorker.run(SuiteRunnerWorker.java:96)
at org.testng.TestNG.runSuitesSequentially(TestNG.java:1180)
at org.testng.TestNG.runSuitesLocally(TestNG.java:1102)
at org.testng.TestNG.runSuites(TestNG.java:1032)
at org.testng.TestNG.run(TestNG.java:1000)
at org.apache.maven.surefire.testng.TestNGExecutor.run(TestNGExecutor.java:77)
at org.apache.maven.surefire.testng.TestNGDirectoryTestSuite.executeMulti(TestNGDirectoryTestSuite.java:159)
at org.apache.maven.surefire.testng.TestNGDirectoryTestSuite.execute(TestNGDirectoryTestSuite.java:99)
at org.apache.maven.surefire.testng.TestNGProvider.invoke(TestNGProvider.java:106)
at java.base/jdk.internal.reflect.NativeMethodAccessorImpl.invoke0(Native Method)
at java.base/jdk.internal.reflect.NativeMethodAccessorImpl.invoke(NativeMethodAccessorImpl.java:62)
at java.base/jdk.internal.reflect.DelegatingMethodAccessorImpl.invoke(DelegatingMethodAccessorImpl.java:43)
at java.base/java.lang.reflect.Method.invoke(Method.java:566)
at org.apache.maven.surefire.util.ReflectionUtils.invokeMethodWithArray(ReflectionUtils.java:189)
at org.apache.maven.surefire.booter.ProviderFactory$ProviderProxy.invoke(ProviderFactory.java:165)
at org.apache.maven.surefire.booter.ProviderFactory.invokeProvider(ProviderFactory.java:85)
at org.apache.maven.surefire.booter.ForkedBooter.runSuitesInProcess(ForkedBooter.java:115)
at org.apache.maven.surefire.booter.ForkedBooter.main(ForkedBooter.java:75)
]]>
            </full-stacktrace>
          </exception> <!-- Production.exceptions.MandatoryAttributeProductionException -->
          <reporter-output>
          </reporter-output>
        </test-method> <!-- MandatoryAttributeProductionExceptionUnityCreate -->
        <test-method signature="editProductionTest()[pri:0, instance:Production.service.ProductionServiceTest@76563ae7]" started-at="2020-05-16T08:21:10 CST" name="editProductionTest" finished-at="2020-05-16T08:21:10 CST" duration-ms="1" status="PASS">
          <reporter-output>
          </reporter-output>
        </test-method> <!-- editProductionTest -->
      </class> <!-- Production.service.ProductionServiceTest -->
      <class name="Production.repository.NecessarySupplyRepositoryTest">
        <test-method signature="getAllWithNoResult()[pri:0, instance:Production.repository.NecessarySupplyRepositoryTest@67f946c3]" started-at="2020-05-16T08:21:10 CST" name="getAllWithNoResult" finished-at="2020-05-16T08:21:10 CST" duration-ms="2" status="PASS">
          <reporter-output>
          </reporter-output>
        </test-method> <!-- getAllWithNoResult -->
        <test-method signature="getAllWithResult()[pri:0, instance:Production.repository.NecessarySupplyRepositoryTest@67f946c3]" started-at="2020-05-16T08:21:10 CST" name="getAllWithResult" finished-at="2020-05-16T08:21:10 CST" duration-ms="0" status="PASS">
          <reporter-output>
          </reporter-output>
        </test-method> <!-- getAllWithResult -->
        <test-method signature="getNecessarySupplyByIdWithNoResult()[pri:0, instance:Production.repository.NecessarySupplyRepositoryTest@67f946c3]" started-at="2020-05-16T08:21:10 CST" name="getNecessarySupplyByIdWithNoResult" finished-at="2020-05-16T08:21:10 CST" duration-ms="1" status="PASS">
          <reporter-output>
          </reporter-output>
        </test-method> <!-- getNecessarySupplyByIdWithNoResult -->
        <test-method signature="getNecessarySupplyByIdWithResult()[pri:0, instance:Production.repository.NecessarySupplyRepositoryTest@67f946c3]" started-at="2020-05-16T08:21:10 CST" name="getNecessarySupplyByIdWithResult" finished-at="2020-05-16T08:21:10 CST" duration-ms="1" status="PASS">
          <reporter-output>
          </reporter-output>
        </test-method> <!-- getNecessarySupplyByIdWithResult -->
        <test-method signature="getNecessarySupplyByStepWithNoResult()[pri:0, instance:Production.repository.NecessarySupplyRepositoryTest@67f946c3]" started-at="2020-05-16T08:21:10 CST" name="getNecessarySupplyByStepWithNoResult" finished-at="2020-05-16T08:21:10 CST" duration-ms="1" status="PASS">
          <reporter-output>
          </reporter-output>
        </test-method> <!-- getNecessarySupplyByStepWithNoResult -->
        <test-method signature="getNecessarySupplyByStepWithResult()[pri:0, instance:Production.repository.NecessarySupplyRepositoryTest@67f946c3]" started-at="2020-05-16T08:21:10 CST" name="getNecessarySupplyByStepWithResult" finished-at="2020-05-16T08:21:10 CST" duration-ms="1" status="PASS">
          <reporter-output>
          </reporter-output>
        </test-method> <!-- getNecessarySupplyByStepWithResult -->
        <test-method signature="getNecessarySupplyBySupplyWithNoResult()[pri:0, instance:Production.repository.NecessarySupplyRepositoryTest@67f946c3]" started-at="2020-05-16T08:21:10 CST" name="getNecessarySupplyBySupplyWithNoResult" finished-at="2020-05-16T08:21:10 CST" duration-ms="1" status="PASS">
          <reporter-output>
          </reporter-output>
        </test-method> <!-- getNecessarySupplyBySupplyWithNoResult -->
        <test-method signature="getNecessarySupplyBySupplyWithResult()[pri:0, instance:Production.repository.NecessarySupplyRepositoryTest@67f946c3]" started-at="2020-05-16T08:21:10 CST" name="getNecessarySupplyBySupplyWithResult" finished-at="2020-05-16T08:21:10 CST" duration-ms="0" status="PASS">
          <reporter-output>
          </reporter-output>
        </test-method> <!-- getNecessarySupplyBySupplyWithResult -->
      </class> <!-- Production.repository.NecessarySupplyRepositoryTest -->
      <class name="Modify.service.ModifySupplyServiceTest">
        <test-method signature="createModifySupplyTest()[pri:0, instance:Modify.service.ModifySupplyServiceTest@5d850a25]" started-at="2020-05-16T08:21:10 CST" name="createModifySupplyTest" finished-at="2020-05-16T08:21:10 CST" duration-ms="3" status="PASS">
          <reporter-output>
          </reporter-output>
        </test-method> <!-- createModifySupplyTest -->
      </class> <!-- Modify.service.ModifySupplyServiceTest -->
      <class name="Group.service.GroupServiceTest">
        <test-method signature="createGroupTest()[pri:0, instance:Group.service.GroupServiceTest@6812c8cc]" started-at="2020-05-16T08:21:10 CST" name="createGroupTest" finished-at="2020-05-16T08:21:10 CST" duration-ms="1" status="PASS">
          <reporter-output>
          </reporter-output>
        </test-method> <!-- createGroupTest -->
        <test-method signature="updateGroupInformationTest()[pri:0, instance:Group.service.GroupServiceTest@6812c8cc]" started-at="2020-05-16T08:21:10 CST" name="updateGroupInformationTest" finished-at="2020-05-16T08:21:10 CST" duration-ms="7" status="PASS">
          <reporter-output>
          </reporter-output>
        </test-method> <!-- updateGroupInformationTest -->
        <test-method signature="updateGroupSectionAndInformationTest()[pri:0, instance:Group.service.GroupServiceTest@6812c8cc]" started-at="2020-05-16T08:21:10 CST" name="updateGroupSectionAndInformationTest" finished-at="2020-05-16T08:21:10 CST" duration-ms="1" status="PASS">
          <reporter-output>
          </reporter-output>
        </test-method> <!-- updateGroupSectionAndInformationTest -->
        <test-method signature="updateGroupSectionTest()[pri:0, instance:Group.service.GroupServiceTest@6812c8cc]" started-at="2020-05-16T08:21:10 CST" name="updateGroupSectionTest" finished-at="2020-05-16T08:21:10 CST" duration-ms="1" status="PASS">
          <reporter-output>
          </reporter-output>
        </test-method> <!-- updateGroupSectionTest -->
      </class> <!-- Group.service.GroupServiceTest -->
      <class name="Supply.MeasureTest">
        <test-method signature="testSetAndGetCollectionSupply()[pri:0, instance:Supply.MeasureTest@3e14d390]" started-at="2020-05-16T08:21:10 CST" name="testSetAndGetCollectionSupply" finished-at="2020-05-16T08:21:10 CST" duration-ms="0" status="PASS">
          <reporter-output>
          </reporter-output>
        </test-method> <!-- testSetAndGetCollectionSupply -->
        <test-method signature="testSetAndGetIdMeasure()[pri:0, instance:Supply.MeasureTest@3e14d390]" started-at="2020-05-16T08:21:10 CST" name="testSetAndGetIdMeasure" finished-at="2020-05-16T08:21:10 CST" duration-ms="0" status="PASS">
          <reporter-output>
          </reporter-output>
        </test-method> <!-- testSetAndGetIdMeasure -->
        <test-method signature="testSetAndGetName()[pri:0, instance:Supply.MeasureTest@3e14d390]" started-at="2020-05-16T08:21:10 CST" name="testSetAndGetName" finished-at="2020-05-16T08:21:10 CST" duration-ms="0" status="PASS">
          <reporter-output>
          </reporter-output>
        </test-method> <!-- testSetAndGetName -->
      </class> <!-- Supply.MeasureTest -->
      <class name="Group.GroupTest">
        <test-method signature="testSetAndGetInformation()[pri:0, instance:Group.GroupTest@5d1bdd4a]" started-at="2020-05-16T08:21:10 CST" name="testSetAndGetInformation" finished-at="2020-05-16T08:21:10 CST" duration-ms="0" status="PASS">
          <reporter-output>
          </reporter-output>
        </test-method> <!-- testSetAndGetInformation -->
        <test-method signature="testSetAndGetSection()[pri:0, instance:Group.GroupTest@5d1bdd4a]" started-at="2020-05-16T08:21:10 CST" name="testSetAndGetSection" finished-at="2020-05-16T08:21:10 CST" duration-ms="1" status="PASS">
          <reporter-output>
          </reporter-output>
        </test-method> <!-- testSetAndGetSection -->
        <test-method signature="testSetAndGetIdGroup()[pri:0, instance:Group.GroupTest@5d1bdd4a]" started-at="2020-05-16T08:21:10 CST" name="testSetAndGetIdGroup" finished-at="2020-05-16T08:21:10 CST" duration-ms="0" status="PASS">
          <reporter-output>
          </reporter-output>
        </test-method> <!-- testSetAndGetIdGroup -->
      </class> <!-- Group.GroupTest -->
      <class name="Supply.repository.MeasureRepositoryTest">
        <test-method signature="getMeasuresTestEmpty()[pri:0, instance:Supply.repository.MeasureRepositoryTest@5eb87338]" started-at="2020-05-16T08:21:10 CST" name="getMeasuresTestEmpty" finished-at="2020-05-16T08:21:10 CST" duration-ms="75" status="PASS">
          <reporter-output>
          </reporter-output>
        </test-method> <!-- getMeasuresTestEmpty -->
        <test-method signature="getMeasuresTestNoEmpty()[pri:0, instance:Supply.repository.MeasureRepositoryTest@5eb87338]" started-at="2020-05-16T08:21:10 CST" name="getMeasuresTestNoEmpty" finished-at="2020-05-16T08:21:10 CST" duration-ms="2" status="PASS">
          <reporter-output>
          </reporter-output>
        </test-method> <!-- getMeasuresTestNoEmpty -->
      </class> <!-- Supply.repository.MeasureRepositoryTest -->
      <class name="Production.repository.CommentaryRepositoryTest">
        <test-method signature="getAllWithNoResult()[pri:0, instance:Production.repository.CommentaryRepositoryTest@530ee28b]" started-at="2020-05-16T08:21:10 CST" name="getAllWithNoResult" finished-at="2020-05-16T08:21:10 CST" duration-ms="2" status="PASS">
          <reporter-output>
          </reporter-output>
        </test-method> <!-- getAllWithNoResult -->
        <test-method signature="getAllWithResult()[pri:0, instance:Production.repository.CommentaryRepositoryTest@530ee28b]" started-at="2020-05-16T08:21:10 CST" name="getAllWithResult" finished-at="2020-05-16T08:21:10 CST" duration-ms="1" status="PASS">
          <reporter-output>
          </reporter-output>
        </test-method> <!-- getAllWithResult -->
        <test-method signature="getCommentaryByIdResultWithNoResult()[pri:0, instance:Production.repository.CommentaryRepositoryTest@530ee28b]" started-at="2020-05-16T08:21:10 CST" name="getCommentaryByIdResultWithNoResult" finished-at="2020-05-16T08:21:10 CST" duration-ms="1" status="PASS">
          <reporter-output>
          </reporter-output>
        </test-method> <!-- getCommentaryByIdResultWithNoResult -->
        <test-method signature="getCommentaryByIdResultWithResult()[pri:0, instance:Production.repository.CommentaryRepositoryTest@530ee28b]" started-at="2020-05-16T08:21:10 CST" name="getCommentaryByIdResultWithResult" finished-at="2020-05-16T08:21:10 CST" duration-ms="1" status="PASS">
          <reporter-output>
          </reporter-output>
        </test-method> <!-- getCommentaryByIdResultWithResult -->
        <test-method signature="getCommentaryByStageWithNoResult()[pri:0, instance:Production.repository.CommentaryRepositoryTest@530ee28b]" started-at="2020-05-16T08:21:10 CST" name="getCommentaryByStageWithNoResult" finished-at="2020-05-16T08:21:10 CST" duration-ms="1" status="PASS">
          <reporter-output>
          </reporter-output>
        </test-method> <!-- getCommentaryByStageWithNoResult -->
        <test-method signature="getCommentaryByStageWithResult()[pri:0, instance:Production.repository.CommentaryRepositoryTest@530ee28b]" started-at="2020-05-16T08:21:10 CST" name="getCommentaryByStageWithResult" finished-at="2020-05-16T08:21:10 CST" duration-ms="1" status="PASS">
          <reporter-output>
          </reporter-output>
        </test-method> <!-- getCommentaryByStageWithResult -->
      </class> <!-- Production.repository.CommentaryRepositoryTest -->
      <class name="Production.StepTest">
        <test-method signature="testEquals()[pri:0, instance:Production.StepTest@21b51e59]" started-at="2020-05-16T08:21:10 CST" name="testEquals" finished-at="2020-05-16T08:21:10 CST" duration-ms="1" status="PASS">
          <reporter-output>
          </reporter-output>
        </test-method> <!-- testEquals -->
        <test-method signature="stageBuilderTest()[pri:0, instance:Production.StepTest@21b51e59]" started-at="2020-05-16T08:21:10 CST" name="stageBuilderTest" finished-at="2020-05-16T08:21:10 CST" duration-ms="0" status="PASS">
          <reporter-output>
          </reporter-output>
        </test-method> <!-- stageBuilderTest -->
        <test-method signature="testSetAndGetDescription()[pri:0, instance:Production.StepTest@21b51e59]" started-at="2020-05-16T08:21:10 CST" name="testSetAndGetDescription" finished-at="2020-05-16T08:21:10 CST" duration-ms="0" status="PASS">
          <reporter-output>
          </reporter-output>
        </test-method> <!-- testSetAndGetDescription -->
        <test-method signature="testSetAndGetIdStep()[pri:0, instance:Production.StepTest@21b51e59]" started-at="2020-05-16T08:21:10 CST" name="testSetAndGetIdStep" finished-at="2020-05-16T08:21:10 CST" duration-ms="0" status="PASS">
          <reporter-output>
          </reporter-output>
        </test-method> <!-- testSetAndGetIdStep -->
        <test-method signature="testSetAndGetName()[pri:0, instance:Production.StepTest@21b51e59]" started-at="2020-05-16T08:21:10 CST" name="testSetAndGetName" finished-at="2020-05-16T08:21:10 CST" duration-ms="0" status="PASS">
          <reporter-output>
          </reporter-output>
        </test-method> <!-- testSetAndGetName -->
        <test-method signature="testSetAndGetStageId()[pri:0, instance:Production.StepTest@21b51e59]" started-at="2020-05-16T08:21:10 CST" name="testSetAndGetStageId" finished-at="2020-05-16T08:21:10 CST" duration-ms="0" status="PASS">
          <reporter-output>
          </reporter-output>
        </test-method> <!-- testSetAndGetStageId -->
      </class> <!-- Production.StepTest -->
      <class name="Production.service.StageServiceTest">
        <test-method signature="MandatoryAttributeProductionExceptionNameEdit()[pri:0, instance:Production.service.StageServiceTest@4fd74223]" started-at="2020-05-16T08:21:10 CST" name="MandatoryAttributeProductionExceptionNameEdit" finished-at="2020-05-16T08:21:10 CST" duration-ms="1" status="PASS">
          <exception class="Production.exceptions.MandatoryAttributeProductionException">
            <message>
              <![CDATA[Nombre nulo]]>
            </message>
            <full-stacktrace>
              <![CDATA[Production.exceptions.MandatoryAttributeProductionException: Nombre nulo
at Production.service.StageService.edit(StageService.java:31)
at Production.service.StageServiceTest.MandatoryAttributeProductionExceptionNameEdit(StageServiceTest.java:44)
at java.base/jdk.internal.reflect.NativeMethodAccessorImpl.invoke0(Native Method)
at java.base/jdk.internal.reflect.NativeMethodAccessorImpl.invoke(NativeMethodAccessorImpl.java:62)
at java.base/jdk.internal.reflect.DelegatingMethodAccessorImpl.invoke(DelegatingMethodAccessorImpl.java:43)
at java.base/java.lang.reflect.Method.invoke(Method.java:566)
at org.testng.internal.MethodInvocationHelper.invokeMethod(MethodInvocationHelper.java:133)
at org.testng.internal.TestInvoker.invokeMethod(TestInvoker.java:584)
at org.testng.internal.TestInvoker.invokeTestMethod(TestInvoker.java:172)
at org.testng.internal.MethodRunner.runInSequence(MethodRunner.java:46)
at org.testng.internal.TestInvoker$MethodInvocationAgent.invoke(TestInvoker.java:804)
at org.testng.internal.TestInvoker.invokeTestMethods(TestInvoker.java:145)
at org.testng.internal.TestMethodWorker.invokeTestMethods(TestMethodWorker.java:146)
at org.testng.internal.TestMethodWorker.run(TestMethodWorker.java:128)
at java.base/java.util.ArrayList.forEach(ArrayList.java:1540)
at org.testng.TestRunner.privateRun(TestRunner.java:770)
at org.testng.TestRunner.run(TestRunner.java:591)
at org.testng.SuiteRunner.runTest(SuiteRunner.java:402)
at org.testng.SuiteRunner.runSequentially(SuiteRunner.java:396)
at org.testng.SuiteRunner.privateRun(SuiteRunner.java:355)
at org.testng.SuiteRunner.run(SuiteRunner.java:304)
at org.testng.SuiteRunnerWorker.runSuite(SuiteRunnerWorker.java:53)
at org.testng.SuiteRunnerWorker.run(SuiteRunnerWorker.java:96)
at org.testng.TestNG.runSuitesSequentially(TestNG.java:1180)
at org.testng.TestNG.runSuitesLocally(TestNG.java:1102)
at org.testng.TestNG.runSuites(TestNG.java:1032)
at org.testng.TestNG.run(TestNG.java:1000)
at org.apache.maven.surefire.testng.TestNGExecutor.run(TestNGExecutor.java:77)
at org.apache.maven.surefire.testng.TestNGDirectoryTestSuite.executeMulti(TestNGDirectoryTestSuite.java:159)
at org.apache.maven.surefire.testng.TestNGDirectoryTestSuite.execute(TestNGDirectoryTestSuite.java:99)
at org.apache.maven.surefire.testng.TestNGProvider.invoke(TestNGProvider.java:106)
at java.base/jdk.internal.reflect.NativeMethodAccessorImpl.invoke0(Native Method)
at java.base/jdk.internal.reflect.NativeMethodAccessorImpl.invoke(NativeMethodAccessorImpl.java:62)
at java.base/jdk.internal.reflect.DelegatingMethodAccessorImpl.invoke(DelegatingMethodAccessorImpl.java:43)
at java.base/java.lang.reflect.Method.invoke(Method.java:566)
at org.apache.maven.surefire.util.ReflectionUtils.invokeMethodWithArray(ReflectionUtils.java:189)
at org.apache.maven.surefire.booter.ProviderFactory$ProviderProxy.invoke(ProviderFactory.java:165)
at org.apache.maven.surefire.booter.ProviderFactory.invokeProvider(ProviderFactory.java:85)
at org.apache.maven.surefire.booter.ForkedBooter.runSuitesInProcess(ForkedBooter.java:115)
at org.apache.maven.surefire.booter.ForkedBooter.main(ForkedBooter.java:75)
]]>
            </full-stacktrace>
          </exception> <!-- Production.exceptions.MandatoryAttributeProductionException -->
          <reporter-output>
          </reporter-output>
        </test-method> <!-- MandatoryAttributeProductionExceptionNameEdit -->
        <test-method signature="MandatoryAttributeProductionExceptionUnityEdit()[pri:0, instance:Production.service.StageServiceTest@4fd74223]" started-at="2020-05-16T08:21:10 CST" name="MandatoryAttributeProductionExceptionUnityEdit" finished-at="2020-05-16T08:21:10 CST" duration-ms="0" status="PASS">
          <exception class="Production.exceptions.MandatoryAttributeProductionException">
            <message>
              <![CDATA[Descripcion nula]]>
            </message>
            <full-stacktrace>
              <![CDATA[Production.exceptions.MandatoryAttributeProductionException: Descripcion nula
at Production.service.StageService.edit(StageService.java:34)
at Production.service.StageServiceTest.MandatoryAttributeProductionExceptionUnityEdit(StageServiceTest.java:55)
at java.base/jdk.internal.reflect.NativeMethodAccessorImpl.invoke0(Native Method)
at java.base/jdk.internal.reflect.NativeMethodAccessorImpl.invoke(NativeMethodAccessorImpl.java:62)
at java.base/jdk.internal.reflect.DelegatingMethodAccessorImpl.invoke(DelegatingMethodAccessorImpl.java:43)
at java.base/java.lang.reflect.Method.invoke(Method.java:566)
at org.testng.internal.MethodInvocationHelper.invokeMethod(MethodInvocationHelper.java:133)
at org.testng.internal.TestInvoker.invokeMethod(TestInvoker.java:584)
at org.testng.internal.TestInvoker.invokeTestMethod(TestInvoker.java:172)
at org.testng.internal.MethodRunner.runInSequence(MethodRunner.java:46)
at org.testng.internal.TestInvoker$MethodInvocationAgent.invoke(TestInvoker.java:804)
at org.testng.internal.TestInvoker.invokeTestMethods(TestInvoker.java:145)
at org.testng.internal.TestMethodWorker.invokeTestMethods(TestMethodWorker.java:146)
at org.testng.internal.TestMethodWorker.run(TestMethodWorker.java:128)
at java.base/java.util.ArrayList.forEach(ArrayList.java:1540)
at org.testng.TestRunner.privateRun(TestRunner.java:770)
at org.testng.TestRunner.run(TestRunner.java:591)
at org.testng.SuiteRunner.runTest(SuiteRunner.java:402)
at org.testng.SuiteRunner.runSequentially(SuiteRunner.java:396)
at org.testng.SuiteRunner.privateRun(SuiteRunner.java:355)
at org.testng.SuiteRunner.run(SuiteRunner.java:304)
at org.testng.SuiteRunnerWorker.runSuite(SuiteRunnerWorker.java:53)
at org.testng.SuiteRunnerWorker.run(SuiteRunnerWorker.java:96)
at org.testng.TestNG.runSuitesSequentially(TestNG.java:1180)
at org.testng.TestNG.runSuitesLocally(TestNG.java:1102)
at org.testng.TestNG.runSuites(TestNG.java:1032)
at org.testng.TestNG.run(TestNG.java:1000)
at org.apache.maven.surefire.testng.TestNGExecutor.run(TestNGExecutor.java:77)
at org.apache.maven.surefire.testng.TestNGDirectoryTestSuite.executeMulti(TestNGDirectoryTestSuite.java:159)
at org.apache.maven.surefire.testng.TestNGDirectoryTestSuite.execute(TestNGDirectoryTestSuite.java:99)
at org.apache.maven.surefire.testng.TestNGProvider.invoke(TestNGProvider.java:106)
at java.base/jdk.internal.reflect.NativeMethodAccessorImpl.invoke0(Native Method)
at java.base/jdk.internal.reflect.NativeMethodAccessorImpl.invoke(NativeMethodAccessorImpl.java:62)
at java.base/jdk.internal.reflect.DelegatingMethodAccessorImpl.invoke(DelegatingMethodAccessorImpl.java:43)
at java.base/java.lang.reflect.Method.invoke(Method.java:566)
at org.apache.maven.surefire.util.ReflectionUtils.invokeMethodWithArray(ReflectionUtils.java:189)
at org.apache.maven.surefire.booter.ProviderFactory$ProviderProxy.invoke(ProviderFactory.java:165)
at org.apache.maven.surefire.booter.ProviderFactory.invokeProvider(ProviderFactory.java:85)
at org.apache.maven.surefire.booter.ForkedBooter.runSuitesInProcess(ForkedBooter.java:115)
at org.apache.maven.surefire.booter.ForkedBooter.main(ForkedBooter.java:75)
]]>
            </full-stacktrace>
          </exception> <!-- Production.exceptions.MandatoryAttributeProductionException -->
          <reporter-output>
          </reporter-output>
        </test-method> <!-- MandatoryAttributeProductionExceptionUnityEdit -->
        <test-method signature="editProductionTest()[pri:0, instance:Production.service.StageServiceTest@4fd74223]" started-at="2020-05-16T08:21:10 CST" name="editProductionTest" finished-at="2020-05-16T08:21:10 CST" duration-ms="0" status="PASS">
          <reporter-output>
          </reporter-output>
        </test-method> <!-- editProductionTest -->
      </class> <!-- Production.service.StageServiceTest -->
      <class name="Production.ProductionTest">
        <test-method signature="productionBuilderTest()[pri:0, instance:Production.ProductionTest@6b4a4e40]" started-at="2020-05-16T08:21:10 CST" name="productionBuilderTest" finished-at="2020-05-16T08:21:10 CST" duration-ms="0" status="PASS">
          <reporter-output>
          </reporter-output>
        </test-method> <!-- productionBuilderTest -->
        <test-method signature="testEquals()[pri:0, instance:Production.ProductionTest@6b4a4e40]" started-at="2020-05-16T08:21:10 CST" name="testEquals" finished-at="2020-05-16T08:21:10 CST" duration-ms="0" status="PASS">
          <reporter-output>
          </reporter-output>
        </test-method> <!-- testEquals -->
        <test-method signature="testSetAndGetIdProduction()[pri:0, instance:Production.ProductionTest@6b4a4e40]" started-at="2020-05-16T08:21:10 CST" name="testSetAndGetIdProduction" finished-at="2020-05-16T08:21:10 CST" duration-ms="0" status="PASS">
          <reporter-output>
          </reporter-output>
        </test-method> <!-- testSetAndGetIdProduction -->
        <test-method signature="testSetAndGetState()[pri:0, instance:Production.ProductionTest@6b4a4e40]" started-at="2020-05-16T08:21:10 CST" name="testSetAndGetState" finished-at="2020-05-16T08:21:10 CST" duration-ms="0" status="PASS">
          <reporter-output>
          </reporter-output>
        </test-method> <!-- testSetAndGetState -->
        <test-method signature="testSetAndGetProduct()[pri:0, instance:Production.ProductionTest@6b4a4e40]" started-at="2020-05-16T08:21:10 CST" name="testSetAndGetProduct" finished-at="2020-05-16T08:21:10 CST" duration-ms="0" status="PASS">
          <reporter-output>
          </reporter-output>
        </test-method> <!-- testSetAndGetProduct -->
        <test-method signature="testSetAndGetName()[pri:0, instance:Production.ProductionTest@6b4a4e40]" started-at="2020-05-16T08:21:10 CST" name="testSetAndGetName" finished-at="2020-05-16T08:21:10 CST" duration-ms="0" status="PASS">
          <reporter-output>
          </reporter-output>
        </test-method> <!-- testSetAndGetName -->
        <test-method signature="testSetAndGetUnity()[pri:0, instance:Production.ProductionTest@6b4a4e40]" started-at="2020-05-16T08:21:10 CST" name="testSetAndGetUnity" finished-at="2020-05-16T08:21:10 CST" duration-ms="0" status="PASS">
          <reporter-output>
          </reporter-output>
        </test-method> <!-- testSetAndGetUnity -->
        <test-method signature="testSetAndQuantit()[pri:0, instance:Production.ProductionTest@6b4a4e40]" started-at="2020-05-16T08:21:10 CST" name="testSetAndQuantit" finished-at="2020-05-16T08:21:10 CST" duration-ms="0" status="PASS">
          <reporter-output>
          </reporter-output>
        </test-method> <!-- testSetAndQuantit -->
      </class> <!-- Production.ProductionTest -->
      <class name="User.repository.CareerRepositoryTest">
        <test-method signature="getCareer()[pri:0, instance:User.repository.CareerRepositoryTest@4137aab0]" started-at="2020-05-16T08:21:10 CST" name="getCareer" finished-at="2020-05-16T08:21:10 CST" duration-ms="2" status="PASS">
          <reporter-output>
          </reporter-output>
        </test-method> <!-- getCareer -->
        <test-method signature="getCareerWithId()[pri:0, instance:User.repository.CareerRepositoryTest@4137aab0]" started-at="2020-05-16T08:21:10 CST" name="getCareerWithId" finished-at="2020-05-16T08:21:10 CST" duration-ms="2" status="PASS">
          <reporter-output>
          </reporter-output>
        </test-method> <!-- getCareerWithId -->
        <test-method signature="getCareerWithName()[pri:0, instance:User.repository.CareerRepositoryTest@4137aab0]" started-at="2020-05-16T08:21:10 CST" name="getCareerWithName" finished-at="2020-05-16T08:21:10 CST" duration-ms="2" status="PASS">
          <reporter-output>
          </reporter-output>
        </test-method> <!-- getCareerWithName -->
      </class> <!-- User.repository.CareerRepositoryTest -->
      <class name="User.service.CareerServiceTest">
        <test-method signature="createCareerNullTest()[pri:0, instance:User.service.CareerServiceTest@2726a511]" started-at="2020-05-16T08:21:11 CST" name="createCareerNullTest" finished-at="2020-05-16T08:21:11 CST" duration-ms="1" status="PASS">
          <reporter-output>
          </reporter-output>
        </test-method> <!-- createCareerNullTest -->
        <test-method signature="updateCareerNullTest()[pri:0, instance:User.service.CareerServiceTest@2726a511]" started-at="2020-05-16T08:21:11 CST" name="updateCareerNullTest" finished-at="2020-05-16T08:21:11 CST" duration-ms="0" status="PASS">
          <reporter-output>
          </reporter-output>
        </test-method> <!-- updateCareerNullTest -->
        <test-method signature="createCareerTest()[pri:0, instance:User.service.CareerServiceTest@2726a511]" started-at="2020-05-16T08:21:11 CST" name="createCareerTest" finished-at="2020-05-16T08:21:11 CST" duration-ms="0" status="PASS">
          <reporter-output>
          </reporter-output>
        </test-method> <!-- createCareerTest -->
        <test-method signature="updateCareerTest()[pri:0, instance:User.service.CareerServiceTest@2726a511]" started-at="2020-05-16T08:21:11 CST" name="updateCareerTest" finished-at="2020-05-16T08:21:11 CST" duration-ms="0" status="PASS">
          <reporter-output>
          </reporter-output>
        </test-method> <!-- updateCareerTest -->
      </class> <!-- User.service.CareerServiceTest -->
      <class name="Group.repository.GroupUserRepositoryTest">
        <test-method signature="findByIdTestWithResult()[pri:0, instance:Group.repository.GroupUserRepositoryTest@5b8853]" started-at="2020-05-16T08:21:10 CST" name="findByIdTestWithResult" finished-at="2020-05-16T08:21:10 CST" duration-ms="2" status="PASS">
          <reporter-output>
          </reporter-output>
        </test-method> <!-- findByIdTestWithResult -->
      </class> <!-- Group.repository.GroupUserRepositoryTest -->
      <class name="Modify.ModifySupplyTest">
        <test-method signature="testGetAndSetDate()[pri:0, instance:Modify.ModifySupplyTest@b022551]" started-at="2020-05-16T08:21:10 CST" name="testGetAndSetDate" finished-at="2020-05-16T08:21:10 CST" duration-ms="0" status="PASS">
          <reporter-output>
          </reporter-output>
        </test-method> <!-- testGetAndSetDate -->
        <test-method signature="testGetAndSetNota()[pri:0, instance:Modify.ModifySupplyTest@b022551]" started-at="2020-05-16T08:21:10 CST" name="testGetAndSetNota" finished-at="2020-05-16T08:21:10 CST" duration-ms="0" status="PASS">
          <reporter-output>
          </reporter-output>
        </test-method> <!-- testGetAndSetNota -->
        <test-method signature="testGetAndSetIdModifySupply()[pri:0, instance:Modify.ModifySupplyTest@b022551]" started-at="2020-05-16T08:21:10 CST" name="testGetAndSetIdModifySupply" finished-at="2020-05-16T08:21:10 CST" duration-ms="0" status="PASS">
          <reporter-output>
          </reporter-output>
        </test-method> <!-- testGetAndSetIdModifySupply -->
        <test-method signature="testGetAndSetSupply()[pri:0, instance:Modify.ModifySupplyTest@b022551]" started-at="2020-05-16T08:21:10 CST" name="testGetAndSetSupply" finished-at="2020-05-16T08:21:10 CST" duration-ms="0" status="PASS">
          <reporter-output>
          </reporter-output>
        </test-method> <!-- testGetAndSetSupply -->
        <test-method signature="testGetAndSetQuantity()[pri:0, instance:Modify.ModifySupplyTest@b022551]" started-at="2020-05-16T08:21:10 CST" name="testGetAndSetQuantity" finished-at="2020-05-16T08:21:10 CST" duration-ms="0" status="PASS">
          <reporter-output>
          </reporter-output>
        </test-method> <!-- testGetAndSetQuantity -->
        <test-method signature="testGetAndSetUser()[pri:0, instance:Modify.ModifySupplyTest@b022551]" started-at="2020-05-16T08:21:10 CST" name="testGetAndSetUser" finished-at="2020-05-16T08:21:10 CST" duration-ms="0" status="PASS">
          <reporter-output>
          </reporter-output>
        </test-method> <!-- testGetAndSetUser -->
      </class> <!-- Modify.ModifySupplyTest -->
      <class name="Production.repository.StepRepositoryTest">
        <test-method signature="AllProductionsTest()[pri:0, instance:Production.repository.StepRepositoryTest@3487442d]" started-at="2020-05-16T08:21:10 CST" name="AllProductionsTest" finished-at="2020-05-16T08:21:10 CST" duration-ms="13" status="PASS">
          <reporter-output>
          </reporter-output>
        </test-method> <!-- AllProductionsTest -->
        <test-method signature="FindByIdProductionNoResultExceptionTest()[pri:0, instance:Production.repository.StepRepositoryTest@3487442d]" started-at="2020-05-16T08:21:10 CST" name="FindByIdProductionNoResultExceptionTest" finished-at="2020-05-16T08:21:10 CST" duration-ms="4" status="PASS">
          <reporter-output>
          </reporter-output>
        </test-method> <!-- FindByIdProductionNoResultExceptionTest -->
        <test-method signature="FindByIdProductionTest()[pri:0, instance:Production.repository.StepRepositoryTest@3487442d]" started-at="2020-05-16T08:21:10 CST" name="FindByIdProductionTest" finished-at="2020-05-16T08:21:10 CST" duration-ms="1" status="PASS">
          <reporter-output>
          </reporter-output>
        </test-method> <!-- FindByIdProductionTest -->
        <test-method signature="findProductionLikeNameTest()[pri:0, instance:Production.repository.StepRepositoryTest@3487442d]" started-at="2020-05-16T08:21:10 CST" name="findProductionLikeNameTest" finished-at="2020-05-16T08:21:10 CST" duration-ms="1" status="PASS">
          <reporter-output>
          </reporter-output>
        </test-method> <!-- findProductionLikeNameTest -->
      </class> <!-- Production.repository.StepRepositoryTest -->
      <class name="Production.service.NecessarySupplyServiceTest">
        <test-method signature="createNecessarySupply()[pri:0, instance:Production.service.NecessarySupplyServiceTest@4fea840f]" started-at="2020-05-16T08:21:10 CST" name="createNecessarySupply" finished-at="2020-05-16T08:21:10 CST" duration-ms="1" status="PASS">
          <reporter-output>
          </reporter-output>
        </test-method> <!-- createNecessarySupply -->
        <test-method signature="updateNecessarySupplyIdStepTest()[pri:0, instance:Production.service.NecessarySupplyServiceTest@4fea840f]" started-at="2020-05-16T08:21:10 CST" name="updateNecessarySupplyIdStepTest" finished-at="2020-05-16T08:21:10 CST" duration-ms="6" status="PASS">
          <reporter-output>
          </reporter-output>
        </test-method> <!-- updateNecessarySupplyIdStepTest -->
        <test-method signature="updateNecessarySupplyIdSupplyTest()[pri:0, instance:Production.service.NecessarySupplyServiceTest@4fea840f]" started-at="2020-05-16T08:21:10 CST" name="updateNecessarySupplyIdSupplyTest" finished-at="2020-05-16T08:21:10 CST" duration-ms="1" status="PASS">
          <reporter-output>
          </reporter-output>
        </test-method> <!-- updateNecessarySupplyIdSupplyTest -->
      </class> <!-- Production.service.NecessarySupplyServiceTest -->
      <class name="Production.service.CommentaryServiceTest">
        <test-method signature="createCommentaryTest()[pri:0, instance:Production.service.CommentaryServiceTest@46a8c2b4]" started-at="2020-05-16T08:21:10 CST" name="createCommentaryTest" finished-at="2020-05-16T08:21:10 CST" duration-ms="1" status="PASS">
          <reporter-output>
          </reporter-output>
        </test-method> <!-- createCommentaryTest -->
        <test-method signature="updateCommentaryStageIdTest()[pri:0, instance:Production.service.CommentaryServiceTest@46a8c2b4]" started-at="2020-05-16T08:21:10 CST" name="updateCommentaryStageIdTest" finished-at="2020-05-16T08:21:10 CST" duration-ms="6" status="PASS">
          <reporter-output>
          </reporter-output>
        </test-method> <!-- updateCommentaryStageIdTest -->
        <test-method signature="updateCommentaryTextTest()[pri:0, instance:Production.service.CommentaryServiceTest@46a8c2b4]" started-at="2020-05-16T08:21:10 CST" name="updateCommentaryTextTest" finished-at="2020-05-16T08:21:10 CST" duration-ms="1" status="PASS">
          <reporter-output>
          </reporter-output>
        </test-method> <!-- updateCommentaryTextTest -->
      </class> <!-- Production.service.CommentaryServiceTest -->
      <class name="Modify.repository.ModifySupplyRepositoryTest">
        <test-method signature="findByIdTest()[pri:0, instance:Modify.repository.ModifySupplyRepositoryTest@6750e381]" started-at="2020-05-16T08:21:10 CST" name="findByIdTest" finished-at="2020-05-16T08:21:10 CST" duration-ms="30" status="PASS">
          <reporter-output>
          </reporter-output>
        </test-method> <!-- findByIdTest -->
        <test-method signature="getAllTest()[pri:0, instance:Modify.repository.ModifySupplyRepositoryTest@6750e381]" started-at="2020-05-16T08:21:10 CST" name="getAllTest" finished-at="2020-05-16T08:21:10 CST" duration-ms="15" status="PASS">
          <reporter-output>
          </reporter-output>
        </test-method> <!-- getAllTest -->
        <test-method signature="getMidificationBySupplyTest()[pri:0, instance:Modify.repository.ModifySupplyRepositoryTest@6750e381]" started-at="2020-05-16T08:21:10 CST" name="getMidificationBySupplyTest" finished-at="2020-05-16T08:21:10 CST" duration-ms="1" status="PASS">
          <reporter-output>
          </reporter-output>
        </test-method> <!-- getMidificationBySupplyTest -->
        <test-method signature="getMidificationByUserTest()[pri:0, instance:Modify.repository.ModifySupplyRepositoryTest@6750e381]" started-at="2020-05-16T08:21:10 CST" name="getMidificationByUserTest" finished-at="2020-05-16T08:21:10 CST" duration-ms="1" status="PASS">
          <reporter-output>
          </reporter-output>
        </test-method> <!-- getMidificationByUserTest -->
      </class> <!-- Modify.repository.ModifySupplyRepositoryTest -->
      <class name="User.repository.UserRepositoryTest">
        <test-method signature="getUseTest()[pri:0, instance:User.repository.UserRepositoryTest@1df9186f]" started-at="2020-05-16T08:21:10 CST" name="getUseTest" finished-at="2020-05-16T08:21:10 CST" duration-ms="2" status="PASS">
          <reporter-output>
          </reporter-output>
        </test-method> <!-- getUseTest -->
        <test-method signature="getUserByCarnetEmptyTest()[pri:0, instance:User.repository.UserRepositoryTest@1df9186f]" started-at="2020-05-16T08:21:10 CST" name="getUserByCarnetEmptyTest" finished-at="2020-05-16T08:21:10 CST" duration-ms="3" status="PASS">
          <reporter-output>
          </reporter-output>
        </test-method> <!-- getUserByCarnetEmptyTest -->
        <test-method signature="getUserByCarnetTest()[pri:0, instance:User.repository.UserRepositoryTest@1df9186f]" started-at="2020-05-16T08:21:10 CST" name="getUserByCarnetTest" finished-at="2020-05-16T08:21:10 CST" duration-ms="0" status="PASS">
          <reporter-output>
          </reporter-output>
        </test-method> <!-- getUserByCarnetTest -->
        <test-method signature="getUserWithCarnetTest()[pri:0, instance:User.repository.UserRepositoryTest@1df9186f]" started-at="2020-05-16T08:21:10 CST" name="getUserWithCarnetTest" finished-at="2020-05-16T08:21:10 CST" duration-ms="1" status="PASS">
          <reporter-output>
          </reporter-output>
        </test-method> <!-- getUserWithCarnetTest -->
        <test-method signature="getUserWithIdCareer()[pri:0, instance:User.repository.UserRepositoryTest@1df9186f]" started-at="2020-05-16T08:21:10 CST" name="getUserWithIdCareer" finished-at="2020-05-16T08:21:10 CST" duration-ms="1" status="PASS">
          <reporter-output>
          </reporter-output>
        </test-method> <!-- getUserWithIdCareer -->
        <test-method signature="getUserWithNameTest()[pri:0, instance:User.repository.UserRepositoryTest@1df9186f]" started-at="2020-05-16T08:21:10 CST" name="getUserWithNameTest" finished-at="2020-05-16T08:21:10 CST" duration-ms="1" status="PASS">
          <reporter-output>
          </reporter-output>
        </test-method> <!-- getUserWithNameTest -->
        <test-method signature="getUserWithStateTest()[pri:0, instance:User.repository.UserRepositoryTest@1df9186f]" started-at="2020-05-16T08:21:11 CST" name="getUserWithStateTest" finished-at="2020-05-16T08:21:11 CST" duration-ms="1" status="PASS">
          <reporter-output>
          </reporter-output>
        </test-method> <!-- getUserWithStateTest -->
      </class> <!-- User.repository.UserRepositoryTest -->
      <class name="User.RolUserTest">
        <test-method signature="testSetAndGetIdRolUser()[pri:0, instance:User.RolUserTest@73e4387]" started-at="2020-05-16T08:21:10 CST" name="testSetAndGetIdRolUser" finished-at="2020-05-16T08:21:10 CST" duration-ms="1" status="PASS">
          <reporter-output>
          </reporter-output>
        </test-method> <!-- testSetAndGetIdRolUser -->
        <test-method signature="testSetAndGetName()[pri:0, instance:User.RolUserTest@73e4387]" started-at="2020-05-16T08:21:10 CST" name="testSetAndGetName" finished-at="2020-05-16T08:21:10 CST" duration-ms="0" status="PASS">
          <reporter-output>
          </reporter-output>
        </test-method> <!-- testSetAndGetName -->
      </class> <!-- User.RolUserTest -->
      <class name="Production.service.StepServiceTest">
        <test-method signature="editTest()[pri:0, instance:Production.service.StepServiceTest@32ae8f27]" started-at="2020-05-16T08:21:10 CST" name="editTest" finished-at="2020-05-16T08:21:10 CST" duration-ms="1" status="PASS">
          <reporter-output>
          </reporter-output>
        </test-method> <!-- editTest -->
      </class> <!-- Production.service.StepServiceTest -->
    </test> <!-- Command line test -->
  </suite> <!-- Command line suite -->
</testng-results>
